This file contains any messages produced by compilers while
running configure, to aid debugging if configure makes a mistake.

It was created by libarchive configure 3.3.4dev, which was
generated by GNU Autoconf 2.69.  Invocation command line was

  $ /var/tmp/portage/app-compression/libarchive-20181029/work/libarchive-8e14bfedb8759a58724cb611323d010aa55aea5e/configure 

## --------- ##
## Platform. ##
## --------- ##

hostname = DARK
uname -m = x86_64
uname -r = 4.19.0
uname -s = Linux
uname -v = #2 SMP PREEMPT Sun Oct 28 09:01:19 CDT 2018

/usr/bin/uname -p = unknown
/bin/uname -X     = unknown

/bin/arch              = unknown
/usr/bin/arch -k       = unknown
/usr/convex/getsysinfo = unknown
/usr/bin/hostinfo      = unknown
/bin/machine           = unknown
/usr/bin/oslevel       = unknown
/bin/universe          = unknown

PATH: /sbin
PATH: /bin
PATH: /usr/sbin
PATH: /usr/bin


## ----------- ##
## Core tests. ##
## ----------- ##

configure:2862: checking for a BSD-compatible install
configure:2930: result: /bin/install -c
configure:2941: checking whether build environment is sane
configure:2996: result: yes
configure:3147: checking for a thread-safe mkdir -p
configure:3186: result: /bin/mkdir -p
configure:3193: checking for gawk
configure:3209: found /bin/gawk
configure:3220: result: gawk
configure:3231: checking whether make sets $(MAKE)
configure:3253: result: yes
configure:3282: checking whether make supports nested variables
configure:3299: result: yes
configure:3426: checking whether to enable maintainer-specific portions of Makefiles
configure:3435: result: yes
configure:3459: checking whether make supports nested variables
configure:3476: result: yes
configure:3554: checking build system type
configure:3568: result: x86_64-pc-linux-gnu
configure:3588: checking host system type
configure:3601: result: x86_64-pc-linux-gnu
configure:3700: checking for gcc
configure:3716: found /bin/gcc
configure:3727: result: gcc
configure:3956: checking for C compiler version
configure:3965: gcc --version >&5
gcc (GCC) 8.2.9999 20180921
Copyright (C) 2018 Free Software Foundation, Inc.
This is free software; see the source for copying conditions.  There is NO
warranty; not even for MERCHANTABILITY or FITNESS FOR A PARTICULAR PURPOSE.

configure:3976: $? = 0
configure:3965: gcc -v >&5
Using built-in specs.
COLLECT_GCC=/usr/x86_64-pc-linux-gnu/gcc-bin/8.2.9999/gcc
COLLECT_LTO_WRAPPER=/usr/libexec/gcc/x86_64-pc-linux-gnu/8.2.9999/lto-wrapper
Target: x86_64-pc-linux-gnu
Configured with: /var/tmp/portage/sys-devel/gcc-8.2.9999/work/gcc-8-20180921/configure --host=x86_64-pc-linux-gnu --build=x86_64-pc-linux-gnu --prefix=/usr --bindir=/usr/x86_64-pc-linux-gnu/gcc-bin/8.2.9999 --includedir=/usr/lib/gcc/x86_64-pc-linux-gnu/8.2.9999/include --datadir=/usr/share/gcc-data/x86_64-pc-linux-gnu/8.2.9999 --mandir=/usr/share/gcc-data/x86_64-pc-linux-gnu/8.2.9999/man --infodir=/usr/share/gcc-data/x86_64-pc-linux-gnu/8.2.9999/info --with-gxx-include-dir=/usr/lib/gcc/x86_64-pc-linux-gnu/8.2.9999/include/g++-v8 --with-python-dir=/share/gcc-data/x86_64-pc-linux-gnu/8.2.9999/python --enable-languages=c,c++ --disable-obsolete --enable-secureplt --disable-werror --with-system-zlib --disable-libmudflap --enable-default-ssp --enable-default-pie --enable-lto --enable-nls --enable-libstdcxx-time --enable-gold --enable-shared --enable-threads=posix --enable-__cxa_atexit --enable-clocale=gnu --disable-multilib --with-multilib-list=m64 --enable-targets=all --disable-libgcj --enable-libgomp --enable-vtable-verify --enable-libvtv --with-isl --disable-isl-version-check --enable-libsanitizer
Thread model: posix
gcc version 8.2.9999 20180921 (GCC) 
configure:3976: $? = 0
configure:3965: gcc -V >&5
gcc: error: unrecognized command line option '-V'
gcc: fatal error: no input files
compilation terminated.
configure:3976: $? = 1
configure:3965: gcc -qversion >&5
gcc: error: unrecognized command line option '-qversion'; did you mean '--version'?
gcc: fatal error: no input files
compilation terminated.
configure:3976: $? = 1
configure:3996: checking whether the C compiler works
configure:4018: gcc    conftest.c  >&5
configure:4022: $? = 0
configure:4070: result: yes
configure:4073: checking for C compiler default output file name
configure:4075: result: a.out
configure:4081: checking for suffix of executables
configure:4088: gcc -o conftest    conftest.c  >&5
configure:4092: $? = 0
configure:4114: result: 
configure:4136: checking whether we are cross compiling
configure:4144: gcc -o conftest    conftest.c  >&5
configure:4148: $? = 0
configure:4155: ./conftest
configure:4159: $? = 0
configure:4174: result: no
configure:4179: checking for suffix of object files
configure:4201: gcc -c   conftest.c >&5
configure:4205: $? = 0
configure:4226: result: o
configure:4230: checking whether we are using the GNU C compiler
configure:4249: gcc -c   conftest.c >&5
configure:4249: $? = 0
configure:4258: result: yes
configure:4267: checking whether gcc accepts -g
configure:4287: gcc -c -g  conftest.c >&5
configure:4287: $? = 0
configure:4328: result: yes
configure:4345: checking for gcc option to accept ISO C89
configure:4408: gcc  -c -g -O2  conftest.c >&5
configure:4408: $? = 0
configure:4421: result: none needed
configure:4446: checking whether gcc understands -c and -o together
configure:4468: gcc -c conftest.c -o conftest2.o
configure:4471: $? = 0
configure:4468: gcc -c conftest.c -o conftest2.o
configure:4471: $? = 0
configure:4483: result: yes
configure:4503: checking whether make supports the include directive
configure:4518: make -f confmf.GNU && cat confinc.out
this is the am__doit target
configure:4521: $? = 0
configure:4540: result: yes (GNU style)
configure:4565: checking dependency style of gcc
configure:4676: result: gcc3
configure:4698: checking how to run the C preprocessor
configure:4729: gcc -E  conftest.c
configure:4729: $? = 0
configure:4743: gcc -E  conftest.c
conftest.c:16:10: fatal error: ac_nonexistent.h: No such file or directory
 #include <ac_nonexistent.h>
          ^~~~~~~~~~~~~~~~~~
compilation terminated.
configure:4743: $? = 1
configure: failed program was:
| /* confdefs.h */
| #define PACKAGE_NAME "libarchive"
| #define PACKAGE_TARNAME "libarchive"
| #define PACKAGE_VERSION "3.3.4dev"
| #define PACKAGE_STRING "libarchive 3.3.4dev"
| #define PACKAGE_BUGREPORT "libarchive-discuss@googlegroups.com"
| #define PACKAGE_URL ""
| #define PACKAGE "libarchive"
| #define VERSION "3.3.4dev"
| #define LIBARCHIVE_VERSION_STRING "3.3.4dev"
| #define LIBARCHIVE_VERSION_NUMBER "3003004"
| #define BSDCPIO_VERSION_STRING "3.3.4dev"
| #define BSDTAR_VERSION_STRING "3.3.4dev"
| #define BSDCAT_VERSION_STRING "3.3.4dev"
| /* end confdefs.h.  */
| #include <ac_nonexistent.h>
configure:4768: result: gcc -E
configure:4788: gcc -E  conftest.c
configure:4788: $? = 0

## ---------------- ##
## Cache variables. ##
## ---------------- ##

ac_cv_build=x86_64-pc-linux-gnu
ac_cv_c_compiler_gnu=yes
ac_cv_env_CC_set=
ac_cv_env_CC_value=
ac_cv_env_CFLAGS_set=
ac_cv_env_CFLAGS_value=
ac_cv_env_CPPFLAGS_set=
ac_cv_env_CPPFLAGS_value=
ac_cv_env_CPP_set=
ac_cv_env_CPP_value=
ac_cv_env_LDFLAGS_set=
ac_cv_env_LDFLAGS_value=
ac_cv_env_LIBS_set=
ac_cv_env_LIBS_value=
ac_cv_env_LIBXML2_PC_CFLAGS_set=
ac_cv_env_LIBXML2_PC_CFLAGS_value=
ac_cv_env_LIBXML2_PC_LIBS_set=
ac_cv_env_LIBXML2_PC_LIBS_value=
ac_cv_env_LT_SYS_LIBRARY_PATH_set=
ac_cv_env_LT_SYS_LIBRARY_PATH_value=
ac_cv_env_PKG_CONFIG_LIBDIR_set=
ac_cv_env_PKG_CONFIG_LIBDIR_value=
ac_cv_env_PKG_CONFIG_PATH_set=
ac_cv_env_PKG_CONFIG_PATH_value=
ac_cv_env_PKG_CONFIG_set=
ac_cv_env_PKG_CONFIG_value=
ac_cv_env_build_alias_set=
ac_cv_env_build_alias_value=
ac_cv_env_host_alias_set=
ac_cv_env_host_alias_value=
ac_cv_env_target_alias_set=
ac_cv_env_target_alias_value=
ac_cv_host=x86_64-pc-linux-gnu
ac_cv_objext=o
ac_cv_path_install='/bin/install -c'
ac_cv_path_mkdir=/bin/mkdir
ac_cv_prog_AWK=gawk
ac_cv_prog_CPP='gcc -E'
ac_cv_prog_ac_ct_CC=gcc
ac_cv_prog_cc_c89=
ac_cv_prog_cc_g=yes
ac_cv_prog_make_make_set=yes
am_cv_CC_dependencies_compiler_type=gcc3
am_cv_make_support_nested_variables=yes
am_cv_prog_cc_c_o=yes

## ----------------- ##
## Output variables. ##
## ----------------- ##

ACLOCAL='${SHELL} /var/tmp/portage/app-compression/libarchive-20181029/work/libarchive-8e14bfedb8759a58724cb611323d010aa55aea5e/build/autoconf/missing aclocal-1.16'
AMDEPBACKSLASH='\'
AMDEP_FALSE='#'
AMDEP_TRUE=''
AMTAR='$${TAR-tar}'
AM_BACKSLASH='\'
AM_DEFAULT_V='$(AM_DEFAULT_VERBOSITY)'
AM_DEFAULT_VERBOSITY='0'
AM_V='$(V)'
AR=''
ARCHIVE_LIBTOOL_VERSION='16:4:3'
AS=''
AUTOCONF='${SHELL} /var/tmp/portage/app-compression/libarchive-20181029/work/libarchive-8e14bfedb8759a58724cb611323d010aa55aea5e/build/autoconf/missing autoconf'
AUTOHEADER='${SHELL} /var/tmp/portage/app-compression/libarchive-20181029/work/libarchive-8e14bfedb8759a58724cb611323d010aa55aea5e/build/autoconf/missing autoheader'
AUTOMAKE='${SHELL} /var/tmp/portage/app-compression/libarchive-20181029/work/libarchive-8e14bfedb8759a58724cb611323d010aa55aea5e/build/autoconf/missing automake-1.16'
AWK='gawk'
BSDCAT_VERSION_STRING='3.3.4dev'
BSDCPIO_VERSION_STRING='3.3.4dev'
BSDTAR_VERSION_STRING='3.3.4dev'
BUILD_BSDCAT_FALSE=''
BUILD_BSDCAT_TRUE=''
BUILD_BSDCPIO_FALSE=''
BUILD_BSDCPIO_TRUE=''
BUILD_BSDTAR_FALSE=''
BUILD_BSDTAR_TRUE=''
CC='gcc'
CCDEPMODE='depmode=gcc3'
CFLAGS='-g -O2'
CPP='gcc -E'
CPPFLAGS=''
CYGPATH_W='echo'
DEFS=''
DEPDIR='.deps'
DLLTOOL=''
DSYMUTIL=''
DUMPBIN=''
ECHO_C=''
ECHO_N='-n'
ECHO_T=''
EGREP=''
EXEEXT=''
FGREP=''
GREP=''
INC_BLAKE2_FALSE=''
INC_BLAKE2_TRUE=''
INC_CYGWIN_FILES_FALSE=''
INC_CYGWIN_FILES_TRUE='#'
INC_DARWIN_ACL_FALSE=''
INC_DARWIN_ACL_TRUE=''
INC_FREEBSD_ACL_FALSE=''
INC_FREEBSD_ACL_TRUE=''
INC_LINUX_ACL_FALSE=''
INC_LINUX_ACL_TRUE=''
INC_SUNOS_ACL_FALSE=''
INC_SUNOS_ACL_TRUE=''
INC_WINDOWS_FILES_FALSE=''
INC_WINDOWS_FILES_TRUE='#'
INSTALL_DATA='${INSTALL} -m 644'
INSTALL_PROGRAM='${INSTALL}'
INSTALL_SCRIPT='${INSTALL}'
INSTALL_STRIP_PROGRAM='$(install_sh) -c -s'
LD=''
LDFLAGS=''
LIBARCHIVE_VERSION_NUMBER='3003004'
LIBARCHIVE_VERSION_STRING='3.3.4dev'
LIBICONV=''
LIBOBJS=''
LIBS=''
LIBTOOL=''
LIBXML2_PC_CFLAGS=''
LIBXML2_PC_LIBS=''
LIPO=''
LN_S=''
LTLIBICONV=''
LTLIBOBJS=''
LT_SYS_LIBRARY_PATH=''
MAINT=''
MAINTAINER_MODE_FALSE='#'
MAINTAINER_MODE_TRUE=''
MAKEINFO='${SHELL} /var/tmp/portage/app-compression/libarchive-20181029/work/libarchive-8e14bfedb8759a58724cb611323d010aa55aea5e/build/autoconf/missing makeinfo'
MANIFEST_TOOL=''
MKDIR_P='/bin/mkdir -p'
NM=''
NMEDIT=''
OBJDUMP=''
OBJEXT='o'
OTOOL64=''
OTOOL=''
PACKAGE='libarchive'
PACKAGE_BUGREPORT='libarchive-discuss@googlegroups.com'
PACKAGE_NAME='libarchive'
PACKAGE_STRING='libarchive 3.3.4dev'
PACKAGE_TARNAME='libarchive'
PACKAGE_URL=''
PACKAGE_VERSION='3.3.4dev'
PATH_SEPARATOR=':'
PKG_CONFIG=''
PKG_CONFIG_LIBDIR=''
PKG_CONFIG_PATH=''
PLATFORMCPPFLAGS=''
RANLIB=''
SED=''
SET_MAKE=''
SHELL='/bin/sh'
STATIC_BSDCAT_FALSE=''
STATIC_BSDCAT_TRUE=''
STATIC_BSDCPIO_FALSE=''
STATIC_BSDCPIO_TRUE=''
STATIC_BSDTAR_FALSE=''
STATIC_BSDTAR_TRUE=''
STRIP=''
VERSION='3.3.4dev'
ac_ct_AR=''
ac_ct_CC='gcc'
ac_ct_DUMPBIN=''
am__EXEEXT_FALSE=''
am__EXEEXT_TRUE=''
am__fastdepCC_FALSE='#'
am__fastdepCC_TRUE=''
am__include='include'
am__isrc=' -I$(srcdir)'
am__leading_dot='.'
am__nodep='_no'
am__quote=''
am__tar='$${TAR-tar} chof - "$$tardir"'
am__untar='$${TAR-tar} xf -'
bindir='${exec_prefix}/bin'
build='x86_64-pc-linux-gnu'
build_alias=''
build_cpu='x86_64'
build_os='linux-gnu'
build_vendor='pc'
datadir='${datarootdir}'
datarootdir='${prefix}/share'
docdir='${datarootdir}/doc/${PACKAGE_TARNAME}'
dvidir='${docdir}'
exec_prefix='NONE'
host='x86_64-pc-linux-gnu'
host_alias=''
host_cpu='x86_64'
host_os='linux-gnu'
host_vendor='pc'
htmldir='${docdir}'
includedir='${prefix}/include'
infodir='${datarootdir}/info'
install_sh='${SHELL} /var/tmp/portage/app-compression/libarchive-20181029/work/libarchive-8e14bfedb8759a58724cb611323d010aa55aea5e/build/autoconf/install-sh'
libdir='${exec_prefix}/lib'
libexecdir='${exec_prefix}/libexec'
localedir='${datarootdir}/locale'
localstatedir='${prefix}/var'
mandir='${datarootdir}/man'
mkdir_p='$(MKDIR_P)'
oldincludedir='/usr/include'
pdfdir='${docdir}'
prefix='NONE'
program_transform_name='s,x,x,'
psdir='${docdir}'
sbindir='${exec_prefix}/sbin'
sharedstatedir='${prefix}/com'
sysconfdir='${prefix}/etc'
target_alias=''

## ----------- ##
## confdefs.h. ##
## ----------- ##

/* confdefs.h */
#define PACKAGE_NAME "libarchive"
#define PACKAGE_TARNAME "libarchive"
#define PACKAGE_VERSION "3.3.4dev"
#define PACKAGE_STRING "libarchive 3.3.4dev"
#define PACKAGE_BUGREPORT "libarchive-discuss@googlegroups.com"
#define PACKAGE_URL ""
#define PACKAGE "libarchive"
#define VERSION "3.3.4dev"
#define LIBARCHIVE_VERSION_STRING "3.3.4dev"
#define LIBARCHIVE_VERSION_NUMBER "3003004"
#define BSDCPIO_VERSION_STRING "3.3.4dev"
#define BSDTAR_VERSION_STRING "3.3.4dev"
#define BSDCAT_VERSION_STRING "3.3.4dev"

configure: caught signal 2
configure: exit 1
